# JRE version: Java(TM) SE Runtime Environment (8.0_45-b14) (build 1.8.0_45-b14)
# Java VM: Java HotSpot(TM) 64-Bit Server VM (25.45-b02 mixed mode linux-amd64 compressed oops)
Heap:
 PSYoungGen      total 113664K, used 5088K [0x00000000eab00000, 0x00000000f2000000, 0x0000000100000000)
  eden space 108544K, 0% used [0x00000000eab00000,0x00000000eab00000,0x00000000f1500000)
  from space 5120K, 99% used [0x00000000f1600000,0x00000000f1af8058,0x00000000f1b00000)
  to   space 4096K, 0% used [0x00000000f1c00000,0x00000000f1c00000,0x00000000f2000000)
 ParOldGen       total 156160K, used 27499K [0x00000000c0000000, 0x00000000c9880000, 0x00000000eab00000)
  object space 156160K, 17% used [0x00000000c0000000,0x00000000c1adacd8,0x00000000c9880000)
 Metaspace       used 4724K, capacity 5428K, committed 5632K, reserved 1056768K
  class space    used 490K, capacity 492K, committed 512K, reserved 1048576K
GC Heap History (10 events):
Event: 0,198 GC heap after
Heap after GC invocations=1 (full 0):
 PSYoungGen      total 36864K, used 5103K [0x00000000eab00000, 0x00000000ef300000, 0x0000000100000000)
  eden space 31744K, 0% used [0x00000000eab00000,0x00000000eab00000,0x00000000eca00000)
  from space 5120K, 99% used [0x00000000eca00000,0x00000000ecefbfc0,0x00000000ecf00000)
  to   space 5120K, 0% used [0x00000000eee00000,0x00000000eee00000,0x00000000ef300000)
 ParOldGen       total 84992K, used 3481K [0x00000000c0000000, 0x00000000c5300000, 0x00000000eab00000)
  object space 84992K, 4% used [0x00000000c0000000,0x00000000c03664c8,0x00000000c5300000)
 Metaspace       used 3515K, capacity 4720K, committed 4864K, reserved 1056768K
  class space    used 371K, capacity 424K, committed 512K, reserved 1048576K
}
Event: 0,285 GC heap before
{Heap before GC invocations=2 (full 0):
 PSYoungGen      total 36864K, used 36847K [0x00000000eab00000, 0x00000000ef300000, 0x0000000100000000)
  eden space 31744K, 100% used [0x00000000eab00000,0x00000000eca00000,0x00000000eca00000)
  from space 5120K, 99% used [0x00000000eca00000,0x00000000ecefbfc0,0x00000000ecf00000)
  to   space 5120K, 0% used [0x00000000eee00000,0x00000000eee00000,0x00000000ef300000)
 ParOldGen       total 84992K, used 3481K [0x00000000c0000000, 0x00000000c5300000, 0x00000000eab00000)
  object space 84992K, 4% used [0x00000000c0000000,0x00000000c03664c8,0x00000000c5300000)
 Metaspace       used 3802K, capacity 4944K, committed 5120K, reserved 1056768K
  class space    used 402K, capacity 456K, committed 512K, reserved 1048576K
Event: 0,307 GC heap after
Heap after GC invocations=2 (full 0):
 PSYoungGen      total 68608K, used 5111K [0x00000000eab00000, 0x00000000ef300000, 0x0000000100000000)
  eden space 63488K, 0% used [0x00000000eab00000,0x00000000eab00000,0x00000000ee900000)
  from space 5120K, 99% used [0x00000000eee00000,0x00000000ef2fdcf0,0x00000000ef300000)
  to   space 5120K, 0% used [0x00000000ee900000,0x00000000ee900000,0x00000000eee00000)
 ParOldGen       total 84992K, used 83458K [0x00000000c0000000, 0x00000000c5300000, 0x00000000eab00000)
  object space 84992K, 98% used [0x00000000c0000000,0x00000000c51809a0,0x00000000c5300000)
 Metaspace       used 3802K, capacity 4944K, committed 5120K, reserved 1056768K
  class space    used 402K, capacity 456K, committed 512K, reserved 1048576K
}
Event: 0,307 GC heap before
{Heap before GC invocations=3 (full 1):
 PSYoungGen      total 68608K, used 5111K [0x00000000eab00000, 0x00000000ef300000, 0x0000000100000000)
  eden space 63488K, 0% used [0x00000000eab00000,0x00000000eab00000,0x00000000ee900000)
  from space 5120K, 99% used [0x00000000eee00000,0x00000000ef2fdcf0,0x00000000ef300000)
  to   space 5120K, 0% used [0x00000000ee900000,0x00000000ee900000,0x00000000eee00000)
 ParOldGen       total 84992K, used 83458K [0x00000000c0000000, 0x00000000c5300000, 0x00000000eab00000)
  object space 84992K, 98% used [0x00000000c0000000,0x00000000c51809a0,0x00000000c5300000)
 Metaspace       used 3802K, capacity 4944K, committed 5120K, reserved 1056768K
  class space    used 402K, capacity 456K, committed 512K, reserved 1048576K
Event: 0,317 GC heap after
Heap after GC invocations=3 (full 1):
 PSYoungGen      total 68608K, used 0K [0x00000000eab00000, 0x00000000ef300000, 0x0000000100000000)
  eden space 63488K, 0% used [0x00000000eab00000,0x00000000eab00000,0x00000000ee900000)
  from space 5120K, 0% used [0x00000000eee00000,0x00000000eee00000,0x00000000ef300000)
  to   space 5120K, 0% used [0x00000000ee900000,0x00000000ee900000,0x00000000eee00000)
 ParOldGen       total 156160K, used 18600K [0x00000000c0000000, 0x00000000c9880000, 0x00000000eab00000)
  object space 156160K, 11% used [0x00000000c0000000,0x00000000c122a0f8,0x00000000c9880000)
 Metaspace       used 3802K, capacity 4944K, committed 5120K, reserved 1056768K
  class space    used 402K, capacity 456K, committed 512K, reserved 1048576K
}
Event: 0,627 GC heap before
{Heap before GC invocations=4 (full 1):
 PSYoungGen      total 68608K, used 63488K [0x00000000eab00000, 0x00000000ef300000, 0x0000000100000000)
  eden space 63488K, 100% used [0x00000000eab00000,0x00000000ee900000,0x00000000ee900000)
  from space 5120K, 0% used [0x00000000eee00000,0x00000000eee00000,0x00000000ef300000)
  to   space 5120K, 0% used [0x00000000ee900000,0x00000000ee900000,0x00000000eee00000)
 ParOldGen       total 156160K, used 18600K [0x00000000c0000000, 0x00000000c9880000, 0x00000000eab00000)
  object space 156160K, 11% used [0x00000000c0000000,0x00000000c122a0f8,0x00000000c9880000)
 Metaspace       used 4378K, capacity 5424K, committed 5632K, reserved 1056768K
  class space    used 455K, capacity 488K, committed 512K, reserved 1048576K
Event: 0,632 GC heap after
Heap after GC invocations=4 (full 1):
 PSYoungGen      total 68608K, used 4115K [0x00000000eab00000, 0x00000000f2100000, 0x0000000100000000)
  eden space 63488K, 0% used [0x00000000eab00000,0x00000000eab00000,0x00000000ee900000)
  from space 5120K, 80% used [0x00000000ee900000,0x00000000eed04d88,0x00000000eee00000)
  to   space 5120K, 0% used [0x00000000f1c00000,0x00000000f1c00000,0x00000000f2100000)
 ParOldGen       total 156160K, used 18608K [0x00000000c0000000, 0x00000000c9880000, 0x00000000eab00000)
  object space 156160K, 11% used [0x00000000c0000000,0x00000000c122c0f8,0x00000000c9880000)
 Metaspace       used 4378K, capacity 5424K, committed 5632K, reserved 1056768K
  class space    used 455K, capacity 488K, committed 512K, reserved 1048576K
}
Event: 0,725 GC heap before
{Heap before GC invocations=5 (full 1):
 PSYoungGen      total 68608K, used 67603K [0x00000000eab00000, 0x00000000f2100000, 0x0000000100000000)
  eden space 63488K, 100% used [0x00000000eab00000,0x00000000ee900000,0x00000000ee900000)
  from space 5120K, 80% used [0x00000000ee900000,0x00000000eed04d88,0x00000000eee00000)
  to   space 5120K, 0% used [0x00000000f1c00000,0x00000000f1c00000,0x00000000f2100000)
 ParOldGen       total 156160K, used 18608K [0x00000000c0000000, 0x00000000c9880000, 0x00000000eab00000)
  object space 156160K, 11% used [0x00000000c0000000,0x00000000c122c0f8,0x00000000c9880000)
 Metaspace       used 4396K, capacity 5424K, committed 5632K, reserved 1056768K
  class space    used 456K, capacity 488K, committed 512K, reserved 1048576K
Event: 0,729 GC heap after
Heap after GC invocations=5 (full 1):
 PSYoungGen      total 112640K, used 3872K [0x00000000eab00000, 0x00000000f2000000, 0x0000000100000000)
  eden space 108544K, 0% used [0x00000000eab00000,0x00000000eab00000,0x00000000f1500000)
  from space 4096K, 94% used [0x00000000f1c00000,0x00000000f1fc8018,0x00000000f2000000)
  to   space 5120K, 0% used [0x00000000f1600000,0x00000000f1600000,0x00000000f1b00000)
 ParOldGen       total 156160K, used 18616K [0x00000000c0000000, 0x00000000c9880000, 0x00000000eab00000)
  object space 156160K, 11% used [0x00000000c0000000,0x00000000c122e0f8,0x00000000c9880000)
 Metaspace       used 4396K, capacity 5424K, committed 5632K, reserved 1056768K
  class space    used 456K, capacity 488K, committed 512K, reserved 1048576K
}
Event: 1,084 GC heap before
{Heap before GC invocations=6 (full 1):
 PSYoungGen      total 112640K, used 112416K [0x00000000eab00000, 0x00000000f2000000, 0x0000000100000000)
  eden space 108544K, 100% used [0x00000000eab00000,0x00000000f1500000,0x00000000f1500000)
  from space 4096K, 94% used [0x00000000f1c00000,0x00000000f1fc8018,0x00000000f2000000)
  to   space 5120K, 0% used [0x00000000f1600000,0x00000000f1600000,0x00000000f1b00000)
 ParOldGen       total 156160K, used 18616K [0x00000000c0000000, 0x00000000c9880000, 0x00000000eab00000)
  object space 156160K, 11% used [0x00000000c0000000,0x00000000c122e0f8,0x00000000c9880000)
 Metaspace       used 4724K, capacity 5428K, committed 5632K, reserved 1056768K
  class space    used 490K, capacity 492K, committed 512K, reserved 1048576K

