# JRE version: Java(TM) SE Runtime Environment (8.0_45-b14) (build 1.8.0_45-b14)
# Java VM: Java HotSpot(TM) 64-Bit Server VM (25.45-b02 mixed mode linux-amd64 compressed oops)
Heap:
 PSYoungGen      total 112128K, used 5089K [0x00000000eab00000, 0x00000000f1e80000, 0x0000000100000000)
  eden space 107008K, 0% used [0x00000000eab00000,0x00000000eab00000,0x00000000f1380000)
  from space 5120K, 99% used [0x00000000f1480000,0x00000000f19786d8,0x00000000f1980000)
  to   space 4096K, 0% used [0x00000000f1a80000,0x00000000f1a80000,0x00000000f1e80000)
 ParOldGen       total 140288K, used 27793K [0x00000000c0000000, 0x00000000c8900000, 0x00000000eab00000)
  object space 140288K, 19% used [0x00000000c0000000,0x00000000c1b24488,0x00000000c8900000)
 Metaspace       used 4731K, capacity 5428K, committed 5632K, reserved 1056768K
  class space    used 490K, capacity 492K, committed 512K, reserved 1048576K
GC Heap History (10 events):
Event: 0,154 GC heap after
Heap after GC invocations=1 (full 0):
 PSYoungGen      total 36864K, used 5099K [0x00000000eab00000, 0x00000000ef300000, 0x0000000100000000)
  eden space 31744K, 0% used [0x00000000eab00000,0x00000000eab00000,0x00000000eca00000)
  from space 5120K, 99% used [0x00000000eca00000,0x00000000ecefafc8,0x00000000ecf00000)
  to   space 5120K, 0% used [0x00000000eee00000,0x00000000eee00000,0x00000000ef300000)
 ParOldGen       total 84992K, used 3398K [0x00000000c0000000, 0x00000000c5300000, 0x00000000eab00000)
  object space 84992K, 3% used [0x00000000c0000000,0x00000000c0351a70,0x00000000c5300000)
 Metaspace       used 3499K, capacity 4720K, committed 4864K, reserved 1056768K
  class space    used 371K, capacity 424K, committed 512K, reserved 1048576K
}
Event: 0,236 GC heap before
{Heap before GC invocations=2 (full 0):
 PSYoungGen      total 36864K, used 36843K [0x00000000eab00000, 0x00000000ef300000, 0x0000000100000000)
  eden space 31744K, 100% used [0x00000000eab00000,0x00000000eca00000,0x00000000eca00000)
  from space 5120K, 99% used [0x00000000eca00000,0x00000000ecefafc8,0x00000000ecf00000)
  to   space 5120K, 0% used [0x00000000eee00000,0x00000000eee00000,0x00000000ef300000)
 ParOldGen       total 84992K, used 3398K [0x00000000c0000000, 0x00000000c5300000, 0x00000000eab00000)
  object space 84992K, 3% used [0x00000000c0000000,0x00000000c0351a70,0x00000000c5300000)
 Metaspace       used 3804K, capacity 4944K, committed 5120K, reserved 1056768K
  class space    used 402K, capacity 456K, committed 512K, reserved 1048576K
Event: 0,266 GC heap after
Heap after GC invocations=2 (full 0):
 PSYoungGen      total 68608K, used 5110K [0x00000000eab00000, 0x00000000ef300000, 0x0000000100000000)
  eden space 63488K, 0% used [0x00000000eab00000,0x00000000eab00000,0x00000000ee900000)
  from space 5120K, 99% used [0x00000000eee00000,0x00000000ef2fdb50,0x00000000ef300000)
  to   space 5120K, 0% used [0x00000000ee900000,0x00000000ee900000,0x00000000eee00000)
 ParOldGen       total 84992K, used 69940K [0x00000000c0000000, 0x00000000c5300000, 0x00000000eab00000)
  object space 84992K, 82% used [0x00000000c0000000,0x00000000c444d2b0,0x00000000c5300000)
 Metaspace       used 3804K, capacity 4944K, committed 5120K, reserved 1056768K
  class space    used 402K, capacity 456K, committed 512K, reserved 1048576K
}
Event: 0,266 GC heap before
{Heap before GC invocations=3 (full 1):
 PSYoungGen      total 68608K, used 5110K [0x00000000eab00000, 0x00000000ef300000, 0x0000000100000000)
  eden space 63488K, 0% used [0x00000000eab00000,0x00000000eab00000,0x00000000ee900000)
  from space 5120K, 99% used [0x00000000eee00000,0x00000000ef2fdb50,0x00000000ef300000)
  to   space 5120K, 0% used [0x00000000ee900000,0x00000000ee900000,0x00000000eee00000)
 ParOldGen       total 84992K, used 69940K [0x00000000c0000000, 0x00000000c5300000, 0x00000000eab00000)
  object space 84992K, 82% used [0x00000000c0000000,0x00000000c444d2b0,0x00000000c5300000)
 Metaspace       used 3804K, capacity 4944K, committed 5120K, reserved 1056768K
  class space    used 402K, capacity 456K, committed 512K, reserved 1048576K
Event: 0,278 GC heap after
Heap after GC invocations=3 (full 1):
 PSYoungGen      total 68608K, used 0K [0x00000000eab00000, 0x00000000ef300000, 0x0000000100000000)
  eden space 63488K, 0% used [0x00000000eab00000,0x00000000eab00000,0x00000000ee900000)
  from space 5120K, 0% used [0x00000000eee00000,0x00000000eee00000,0x00000000ef300000)
  to   space 5120K, 0% used [0x00000000ee900000,0x00000000ee900000,0x00000000eee00000)
 ParOldGen       total 140288K, used 18903K [0x00000000c0000000, 0x00000000c8900000, 0x00000000eab00000)
  object space 140288K, 13% used [0x00000000c0000000,0x00000000c1275ce8,0x00000000c8900000)
 Metaspace       used 3804K, capacity 4944K, committed 5120K, reserved 1056768K
  class space    used 402K, capacity 456K, committed 512K, reserved 1048576K
}
Event: 0,625 GC heap before
{Heap before GC invocations=4 (full 1):
 PSYoungGen      total 68608K, used 63488K [0x00000000eab00000, 0x00000000ef300000, 0x0000000100000000)
  eden space 63488K, 100% used [0x00000000eab00000,0x00000000ee900000,0x00000000ee900000)
  from space 5120K, 0% used [0x00000000eee00000,0x00000000eee00000,0x00000000ef300000)
  to   space 5120K, 0% used [0x00000000ee900000,0x00000000ee900000,0x00000000eee00000)
 ParOldGen       total 140288K, used 18903K [0x00000000c0000000, 0x00000000c8900000, 0x00000000eab00000)
  object space 140288K, 13% used [0x00000000c0000000,0x00000000c1275ce8,0x00000000c8900000)
 Metaspace       used 4383K, capacity 5424K, committed 5632K, reserved 1056768K
  class space    used 455K, capacity 488K, committed 512K, reserved 1048576K
Event: 0,632 GC heap after
Heap after GC invocations=4 (full 1):
 PSYoungGen      total 68608K, used 4085K [0x00000000eab00000, 0x00000000f1f80000, 0x0000000100000000)
  eden space 63488K, 0% used [0x00000000eab00000,0x00000000eab00000,0x00000000ee900000)
  from space 5120K, 79% used [0x00000000ee900000,0x00000000eecfd468,0x00000000eee00000)
  to   space 5120K, 0% used [0x00000000f1a80000,0x00000000f1a80000,0x00000000f1f80000)
 ParOldGen       total 140288K, used 18911K [0x00000000c0000000, 0x00000000c8900000, 0x00000000eab00000)
  object space 140288K, 13% used [0x00000000c0000000,0x00000000c1277ce8,0x00000000c8900000)
 Metaspace       used 4383K, capacity 5424K, committed 5632K, reserved 1056768K
  class space    used 455K, capacity 488K, committed 512K, reserved 1048576K
}
Event: 0,710 GC heap before
{Heap before GC invocations=5 (full 1):
 PSYoungGen      total 68608K, used 67573K [0x00000000eab00000, 0x00000000f1f80000, 0x0000000100000000)
  eden space 63488K, 100% used [0x00000000eab00000,0x00000000ee900000,0x00000000ee900000)
  from space 5120K, 79% used [0x00000000ee900000,0x00000000eecfd468,0x00000000eee00000)
  to   space 5120K, 0% used [0x00000000f1a80000,0x00000000f1a80000,0x00000000f1f80000)
 ParOldGen       total 140288K, used 18911K [0x00000000c0000000, 0x00000000c8900000, 0x00000000eab00000)
  object space 140288K, 13% used [0x00000000c0000000,0x00000000c1277ce8,0x00000000c8900000)
 Metaspace       used 4399K, capacity 5424K, committed 5632K, reserved 1056768K
  class space    used 456K, capacity 488K, committed 512K, reserved 1048576K
Event: 0,714 GC heap after
Heap after GC invocations=5 (full 1):
 PSYoungGen      total 111104K, used 3838K [0x00000000eab00000, 0x00000000f1e80000, 0x0000000100000000)
  eden space 107008K, 0% used [0x00000000eab00000,0x00000000eab00000,0x00000000f1380000)
  from space 4096K, 93% used [0x00000000f1a80000,0x00000000f1e3f8d0,0x00000000f1e80000)
  to   space 5120K, 0% used [0x00000000f1480000,0x00000000f1480000,0x00000000f1980000)
 ParOldGen       total 140288K, used 18911K [0x00000000c0000000, 0x00000000c8900000, 0x00000000eab00000)
  object space 140288K, 13% used [0x00000000c0000000,0x00000000c1277ce8,0x00000000c8900000)
 Metaspace       used 4399K, capacity 5424K, committed 5632K, reserved 1056768K
  class space    used 456K, capacity 488K, committed 512K, reserved 1048576K
}
Event: 1,080 GC heap before
{Heap before GC invocations=6 (full 1):
 PSYoungGen      total 111104K, used 110846K [0x00000000eab00000, 0x00000000f1e80000, 0x0000000100000000)
  eden space 107008K, 100% used [0x00000000eab00000,0x00000000f1380000,0x00000000f1380000)
  from space 4096K, 93% used [0x00000000f1a80000,0x00000000f1e3f8d0,0x00000000f1e80000)
  to   space 5120K, 0% used [0x00000000f1480000,0x00000000f1480000,0x00000000f1980000)
 ParOldGen       total 140288K, used 18911K [0x00000000c0000000, 0x00000000c8900000, 0x00000000eab00000)
  object space 140288K, 13% used [0x00000000c0000000,0x00000000c1277ce8,0x00000000c8900000)
 Metaspace       used 4731K, capacity 5428K, committed 5632K, reserved 1056768K
  class space    used 490K, capacity 492K, committed 512K, reserved 1048576K

